#
# There is insufficient memory for the Java Runtime Environment to continue.
# Native memory allocation (mmap) failed to map 289406976 bytes for G1 virtual space
# Possible reasons:
#   The system is out of physical RAM or swap space
#   The process is running with CompressedOops enabled, and the Java Heap may be blocking the growth of the native heap
# Possible solutions:
#   Reduce memory load on the system
#   Increase physical memory or swap space
#   Check if swap backing store is full
#   Decrease Java heap size (-Xmx/-Xms)
#   Decrease number of Java threads
#   Decrease Java thread stack sizes (-Xss)
#   Set larger code cache with -XX:ReservedCodeCacheSize=
#   JVM is running with Unscaled Compressed Oops mode in which the Java heap is
#     placed in the first 4GB address space. The Java Heap base address is the
#     maximum limit for the native heap growth. Please use -XX:HeapBaseMinAddress
#     to set the Java Heap base and to place the Java Heap above 4GB virtual address.
# This output file may be truncated or incomplete.
#
#  Out of Memory Error (os_windows.cpp:3613), pid=20984, tid=20720
#
# JRE version: OpenJDK Runtime Environment Temurin-17.0.9+9 (17.0.9+9) (build 17.0.9+9)
# Java VM: OpenJDK 64-Bit Server VM Temurin-17.0.9+9 (17.0.9+9, mixed mode, emulated-client, tiered, compressed oops, compressed class ptrs, g1 gc, windows-amd64)
# No core dump will be written. Minidumps are not enabled by default on client versions of Windows
#

---------------  S U M M A R Y ------------

Command Line: -Dcom.sun.management.jmxremote -Dcom.sun.management.jmxremote.port=54193 -Dcom.sun.management.jmxremote.authenticate=false -Dcom.sun.management.jmxremote.ssl=false -Djava.rmi.server.hostname=localhost -Dspring.jmx.enabled=true -Dmanagement.endpoints.jmx.exposure.include=* -Dspring.application.admin.enabled=true -Dspring.profiles.active=customer -XX:TieredStopAtLevel=1 -Dspring.boot.project.name=ComesticAdmin -Dfile.encoding=UTF-8 -Dstdout.encoding=UTF-8 -Dstderr.encoding=UTF-8 -XX:+ShowCodeDetailsInExceptionMessages com.kimngan.ComesticAdmin.ComesticAdminApplication --spring.output.ansi.enabled=always

Host: AMD Ryzen 5 5500U with Radeon Graphics         , 12 cores, 7G,  Windows 11 , 64 bit Build 22621 (10.0.22621.4391)
Time: Sun Nov 24 21:22:05 2024 SE Asia Standard Time elapsed time: 36453.730701 seconds (0d 10h 7m 33s)

---------------  T H R E A D  ---------------

Current thread (0x0000023be301a210):  VMThread "VM Thread" [stack: 0x0000006708b00000,0x0000006708c00000] [id=20720]

Stack: [0x0000006708b00000,0x0000006708c00000]
Native frames: (J=compiled Java code, j=interpreted, Vv=VM code, C=native code)
V  [jvm.dll+0x67cf49]
V  [jvm.dll+0x83478a]
V  [jvm.dll+0x83624e]
V  [jvm.dll+0x8368b3]
V  [jvm.dll+0x247f1f]
V  [jvm.dll+0x679d69]
V  [jvm.dll+0x66e6ba]
V  [jvm.dll+0x307e5b]
V  [jvm.dll+0x30f306]
V  [jvm.dll+0x35f0ce]
V  [jvm.dll+0x35f2ff]
V  [jvm.dll+0x2dea58]
V  [jvm.dll+0x2dcc34]
V  [jvm.dll+0x2dc23c]
V  [jvm.dll+0x3202bb]
V  [jvm.dll+0x83adab]
V  [jvm.dll+0x83baf1]
V  [jvm.dll+0x83c00d]
V  [jvm.dll+0x83c3e4]
V  [jvm.dll+0x83c4b0]
V  [jvm.dll+0x7e3c3a]
V  [jvm.dll+0x67be35]
C  [ucrtbase.dll+0x29333]
C  [KERNEL32.DLL+0x1259d]
C  [ntdll.dll+0x5af38]

VM_Operation (0x000000670b1fe130): G1CollectForAllocation, mode: safepoint, requested by thread 0x0000023bebb829e0


---------------  P R O C E S S  ---------------

Threads class SMR info:
_java_thread_list=0x0000023bec644fc0, length=39, elements={
0x0000023bde5f8fd0, 0x0000023bde5f9f70, 0x0000023be3025dd0, 0x0000023be30276b0,
0x0000023be3028070, 0x0000023be3028a30, 0x0000023be30294a0, 0x0000023be308d0f0,
0x0000023bde5995f0, 0x0000023be324c210, 0x0000023be37f7270, 0x0000023be37f1800,
0x0000023be37e1fd0, 0x0000023be4113130, 0x0000023be4141510, 0x0000023be5dbc490,
0x0000023be5dbba70, 0x0000023be5db6970, 0x0000023be5dba120, 0x0000023be5db8ce0,
0x0000023bebdfd970, 0x0000023bec639b90, 0x0000023bec2cd350, 0x0000023bec2cc420,
0x0000023bec2cbf10, 0x0000023bec2cc930, 0x0000023bebb829e0, 0x0000023bebb824d0,
0x0000023bebb81fc0, 0x0000023bec63afd0, 0x0000023bec63a5b0, 0x0000023bec63aac0,
0x0000023bec639680, 0x0000023bec63a0a0, 0x0000023bebdf8870, 0x0000023bec016600,
0x0000023bec016b10, 0x0000023bec0160f0, 0x0000023bec9941d0
}

Java Threads: ( => current thread )
  0x0000023bde5f8fd0 JavaThread "Reference Handler" daemon [_thread_blocked, id=9764, stack(0x0000006708c00000,0x0000006708d00000)]
  0x0000023bde5f9f70 JavaThread "Finalizer" daemon [_thread_blocked, id=13772, stack(0x0000006708d00000,0x0000006708e00000)]
  0x0000023be3025dd0 JavaThread "Signal Dispatcher" daemon [_thread_blocked, id=20688, stack(0x0000006708e00000,0x0000006708f00000)]
  0x0000023be30276b0 JavaThread "Attach Listener" daemon [_thread_blocked, id=21044, stack(0x0000006708f00000,0x0000006709000000)]
  0x0000023be3028070 JavaThread "Service Thread" daemon [_thread_blocked, id=23944, stack(0x0000006709000000,0x0000006709100000)]
  0x0000023be3028a30 JavaThread "Monitor Deflation Thread" daemon [_thread_blocked, id=4480, stack(0x0000006709100000,0x0000006709200000)]
  0x0000023be30294a0 JavaThread "C1 CompilerThread0" daemon [_thread_blocked, id=9868, stack(0x0000006709200000,0x0000006709300000)]
  0x0000023be308d0f0 JavaThread "Sweeper thread" daemon [_thread_blocked, id=23132, stack(0x0000006709300000,0x0000006709400000)]
  0x0000023bde5995f0 JavaThread "Common-Cleaner" daemon [_thread_blocked, id=23420, stack(0x0000006709400000,0x0000006709500000)]
  0x0000023be324c210 JavaThread "Notification Thread" daemon [_thread_blocked, id=18420, stack(0x0000006709600000,0x0000006709700000)]
  0x0000023be37f7270 JavaThread "RMI TCP Accept-0" daemon [_thread_in_native, id=11232, stack(0x0000006709700000,0x0000006709800000)]
  0x0000023be37f1800 JavaThread "RMI TCP Accept-54193" daemon [_thread_in_native, id=23876, stack(0x0000006709800000,0x0000006709900000)]
  0x0000023be37e1fd0 JavaThread "RMI TCP Accept-0" daemon [_thread_in_native, id=24092, stack(0x0000006709900000,0x0000006709a00000)]
  0x0000023be4113130 JavaThread "RMI Scheduler(0)" daemon [_thread_blocked, id=16572, stack(0x0000006709c00000,0x0000006709d00000)]
  0x0000023be4141510 JavaThread "mysql-cj-abandoned-connection-cleanup" daemon [_thread_blocked, id=10912, stack(0x000000670b200000,0x000000670b300000)]
  0x0000023be5dbc490 JavaThread "Live Reload Server" daemon [_thread_in_native, id=24164, stack(0x000000670b800000,0x000000670b900000)]
  0x0000023be5dbba70 JavaThread "DestroyJavaVM" [_thread_blocked, id=15204, stack(0x0000006708500000,0x0000006708600000)]
  0x0000023be5db6970 JavaThread "RMI TCP Connection(582)-127.0.0.1" daemon [_thread_in_native, id=23232, stack(0x0000006708200000,0x0000006708300000)]
  0x0000023be5dba120 JavaThread "File Watcher" daemon [_thread_blocked, id=10596, stack(0x0000006709b00000,0x0000006709c00000)]
  0x0000023be5db8ce0 JavaThread "File Watcher" daemon [_thread_blocked, id=20920, stack(0x000000670a600000,0x000000670a700000)]
  0x0000023bebdfd970 JavaThread "File Watcher" daemon [_thread_blocked, id=20784, stack(0x0000006709d00000,0x0000006709e00000)]
  0x0000023bec639b90 JavaThread "JMX server connection timeout 1532" daemon [_thread_blocked, id=8004, stack(0x0000006708400000,0x0000006708500000)]
  0x0000023bec2cd350 JavaThread "Catalina-utility-1" [_thread_blocked, id=12560, stack(0x000000670a700000,0x000000670a800000)]
  0x0000023bec2cc420 JavaThread "Catalina-utility-2" [_thread_blocked, id=19572, stack(0x000000670a800000,0x000000670a900000)]
  0x0000023bec2cbf10 JavaThread "container-3" [_thread_blocked, id=7548, stack(0x000000670a900000,0x000000670aa00000)]
  0x0000023bec2cc930 JavaThread "HikariPool-79 housekeeper" daemon [_thread_blocked, id=1356, stack(0x000000670af00000,0x000000670b000000)]
  0x0000023bebb829e0 JavaThread "File Watcher" daemon [_thread_blocked, id=18264, stack(0x000000670b100000,0x000000670b200000)]
  0x0000023bebb824d0 JavaThread "http-nio-8081-exec-1" daemon [_thread_blocked, id=5608, stack(0x000000670b300000,0x000000670b400000)]
  0x0000023bebb81fc0 JavaThread "http-nio-8081-exec-2" daemon [_thread_blocked, id=22432, stack(0x000000670b400000,0x000000670b500000)]
  0x0000023bec63afd0 JavaThread "http-nio-8081-exec-3" daemon [_thread_blocked, id=24364, stack(0x000000670b500000,0x000000670b600000)]
  0x0000023bec63a5b0 JavaThread "http-nio-8081-exec-4" daemon [_thread_blocked, id=8180, stack(0x000000670b600000,0x000000670b700000)]
  0x0000023bec63aac0 JavaThread "http-nio-8081-exec-5" daemon [_thread_blocked, id=17828, stack(0x000000670b700000,0x000000670b800000)]
  0x0000023bec639680 JavaThread "http-nio-8081-exec-6" daemon [_thread_blocked, id=20444, stack(0x000000670b900000,0x000000670ba00000)]
  0x0000023bec63a0a0 JavaThread "http-nio-8081-exec-7" daemon [_thread_blocked, id=20064, stack(0x000000670ba00000,0x000000670bb00000)]
  0x0000023bebdf8870 JavaThread "http-nio-8081-exec-8" daemon [_thread_blocked, id=1160, stack(0x000000670bb00000,0x000000670bc00000)]
  0x0000023bec016600 JavaThread "http-nio-8081-exec-9" daemon [_thread_blocked, id=21636, stack(0x000000670bc00000,0x000000670bd00000)]
  0x0000023bec016b10 JavaThread "http-nio-8081-exec-10" daemon [_thread_blocked, id=2448, stack(0x000000670bd00000,0x000000670be00000)]
  0x0000023bec0160f0 JavaThread "http-nio-8081-Poller" daemon [_thread_in_native, id=22644, stack(0x000000670be00000,0x000000670bf00000)]
  0x0000023bec9941d0 JavaThread "http-nio-8081-Acceptor" daemon [_thread_in_native, id=18736, stack(0x000000670bf00000,0x000000670c000000)]

Other Threads:
=>0x0000023be301a210 VMThread "VM Thread" [stack: 0x0000006708b00000,0x0000006708c00000] [id=20720]
  0x0000023be37ee4c0 WatcherThread [stack: 0x0000006709a00000,0x0000006709b00000] [id=7116]
  0x0000023bcf263040 GCTaskThread "GC Thread#0" [stack: 0x0000006708600000,0x0000006708700000] [id=23028]
  0x0000023be4164680 GCTaskThread "GC Thread#1" [stack: 0x0000006709f00000,0x000000670a000000] [id=22652]
  0x0000023be417d610 GCTaskThread "GC Thread#2" [stack: 0x000000670a000000,0x000000670a100000] [id=5248]
  0x0000023be417d8d0 GCTaskThread "GC Thread#3" [stack: 0x000000670a100000,0x000000670a200000] [id=2656]
  0x0000023be417db90 GCTaskThread "GC Thread#4" [stack: 0x000000670a200000,0x000000670a300000] [id=13356]
  0x0000023be417de50 GCTaskThread "GC Thread#5" [stack: 0x000000670a300000,0x000000670a400000] [id=16500]
  0x0000023be417e110 GCTaskThread "GC Thread#6" [stack: 0x000000670a400000,0x000000670a500000] [id=23160]
  0x0000023be430c650 GCTaskThread "GC Thread#7" [stack: 0x000000670aa00000,0x000000670ab00000] [id=19416]
  0x0000023be431df90 GCTaskThread "GC Thread#8" [stack: 0x000000670ab00000,0x000000670ac00000] [id=1720]
  0x0000023be431e250 GCTaskThread "GC Thread#9" [stack: 0x000000670ac00000,0x000000670ad00000] [id=9864]
  0x0000023bcf2732a0 ConcurrentGCThread "G1 Main Marker" [stack: 0x0000006708700000,0x0000006708800000] [id=23148]
  0x0000023bcf274c70 ConcurrentGCThread "G1 Conc#0" [stack: 0x0000006708800000,0x0000006708900000] [id=20312]
  0x0000023be43c97f0 ConcurrentGCThread "G1 Conc#1" [stack: 0x000000670ad00000,0x000000670ae00000] [id=18364]
  0x0000023be43307d0 ConcurrentGCThread "G1 Conc#2" [stack: 0x000000670ae00000,0x000000670af00000] [id=11316]
  0x0000023bcf2a9bf0 ConcurrentGCThread "G1 Refine#0" [stack: 0x0000006708900000,0x0000006708a00000] [id=21524]
  0x0000023be339ed80 ConcurrentGCThread "G1 Refine#1" [stack: 0x000000670a500000,0x000000670a600000] [id=20140]
  0x0000023bcf2aa430 ConcurrentGCThread "G1 Service" [stack: 0x0000006708a00000,0x0000006708b00000] [id=21592]

Threads with active compile tasks:

VM state: at safepoint (normal execution)

VM Mutex/Monitor currently owned by a thread:  ([mutex/lock_event])
[0x0000023bcf206a60] Threads_lock - owner thread: 0x0000023be301a210
[0x0000023bcf208290] Heap_lock - owner thread: 0x0000023bebb829e0

Heap address: 0x000000008a800000, size: 1880 MB, Compressed Oops mode: 32-bit

CDS archive(s) not mapped
Compressed class space mapped at: 0x0000000100000000-0x0000000140000000, reserved size: 1073741824
Narrow klass base: 0x0000000000000000, Narrow klass shift: 3, Narrow klass range: 0x140000000

GC Precious Log:
 CPUs: 12 total, 12 available
 Memory: 7514M
 Large Page Support: Disabled
 NUMA Support: Disabled
 Compressed Oops: Enabled (32-bit)
 Heap Region Size: 1M
 Heap Min Capacity: 8M
 Heap Initial Capacity: 118M
 Heap Max Capacity: 1880M
 Pre-touch: Disabled
 Parallel Workers: 10
 Concurrent Workers: 3
 Concurrent Refinement Workers: 10
 Periodic GC: Disabled

Heap:
 garbage-first heap   total 174080K, used 63441K [0x000000008a800000, 0x0000000100000000)
  region size 1024K, 9 young (9216K), 9 survivors (9216K)
 Metaspace       used 149584K, committed 151680K, reserved 1245184K
  class space    used 18819K, committed 19776K, reserved 1048576K

Heap Regions: E=young(eden), S=young(survivor), O=old, HS=humongous(starts), HC=humongous(continues), CS=collection set, F=free, OA=open archive, CA=closed archive, TAMS=top-at-mark-start (previous, next)
|   0|0x000000008a800000, 0x000000008a900000, 0x000000008a900000|100%|HS|  |TAMS 0x000000008a900000, 0x000000008a800000| Untracked 
|   1|0x000000008a900000, 0x000000008aa00000, 0x000000008aa00000|100%| O|  |TAMS 0x000000008aa00000, 0x000000008a900000| Untracked 
|   2|0x000000008aa00000, 0x000000008aaffff0, 0x000000008ab00000| 99%| O|  |TAMS 0x000000008aaffff0, 0x000000008aa00000| Untracked 
|   3|0x000000008ab00000, 0x000000008abfffe8, 0x000000008ac00000| 99%| O|  |TAMS 0x000000008abfffe8, 0x000000008ab00000| Untracked 
|   4|0x000000008ac00000, 0x000000008ad00000, 0x000000008ad00000|100%| O|  |TAMS 0x000000008ad00000, 0x000000008ac00000| Untracked 
|   5|0x000000008ad00000, 0x000000008adffff0, 0x000000008ae00000| 99%| O|  |TAMS 0x000000008adffff0, 0x000000008ad00000| Untracked 
|   6|0x000000008ae00000, 0x000000008af00000, 0x000000008af00000|100%| O|  |TAMS 0x000000008af00000, 0x000000008ae00000| Untracked 
|   7|0x000000008af00000, 0x000000008b000000, 0x000000008b000000|100%| O|  |TAMS 0x000000008b000000, 0x000000008af00000| Untracked 
|   8|0x000000008b000000, 0x000000008b0ffff8, 0x000000008b100000| 99%| O|  |TAMS 0x000000008b0ffff8, 0x000000008b000000| Untracked 
|   9|0x000000008b100000, 0x000000008b1ffca8, 0x000000008b200000| 99%| O|  |TAMS 0x000000008b1ffca8, 0x000000008b100000| Untracked 
|  10|0x000000008b200000, 0x000000008b300000, 0x000000008b300000|100%| O|  |TAMS 0x000000008b300000, 0x000000008b200000| Untracked 
|  11|0x000000008b300000, 0x000000008b400000, 0x000000008b400000|100%| O|  |TAMS 0x000000008b400000, 0x000000008b300000| Untracked 
|  12|0x000000008b400000, 0x000000008b4fffe8, 0x000000008b500000| 99%| O|  |TAMS 0x000000008b4fffe8, 0x000000008b400000| Untracked 
|  13|0x000000008b500000, 0x000000008b5fffe8, 0x000000008b600000| 99%| O|  |TAMS 0x000000008b5fffe8, 0x000000008b500000| Untracked 
|  14|0x000000008b600000, 0x000000008b700000, 0x000000008b700000|100%| O|  |TAMS 0x000000008b700000, 0x000000008b600000| Untracked 
|  15|0x000000008b700000, 0x000000008b800000, 0x000000008b800000|100%| O|  |TAMS 0x000000008b800000, 0x000000008b700000| Untracked 
|  16|0x000000008b800000, 0x000000008b8ffe60, 0x000000008b900000| 99%| O|  |TAMS 0x000000008b8ffe60, 0x000000008b800000| Untracked 
|  17|0x000000008b900000, 0x000000008b9ffff0, 0x000000008ba00000| 99%| O|  |TAMS 0x000000008b9ffff0, 0x000000008b900000| Untracked 
|  18|0x000000008ba00000, 0x000000008baffff0, 0x000000008bb00000| 99%| O|  |TAMS 0x000000008baffff0, 0x000000008ba00000| Untracked 
|  19|0x000000008bb00000, 0x000000008bbffff8, 0x000000008bc00000| 99%| O|  |TAMS 0x000000008bbffff8, 0x000000008bb00000| Untracked 
|  20|0x000000008bc00000, 0x000000008bd00000, 0x000000008bd00000|100%| O|  |TAMS 0x000000008bd00000, 0x000000008bc00000| Untracked 
|  21|0x000000008bd00000, 0x000000008bdffff8, 0x000000008be00000| 99%| O|  |TAMS 0x000000008bdffff8, 0x000000008bd00000| Untracked 
|  22|0x000000008be00000, 0x000000008befffd8, 0x000000008bf00000| 99%| O|  |TAMS 0x000000008befffd8, 0x000000008be00000| Untracked 
|  23|0x000000008bf00000, 0x000000008bfffff0, 0x000000008c000000| 99%| O|  |TAMS 0x000000008bfffff0, 0x000000008bf00000| Untracked 
|  24|0x000000008c000000, 0x000000008c0fffc0, 0x000000008c100000| 99%| O|  |TAMS 0x000000008c0fffc0, 0x000000008c000000| Untracked 
|  25|0x000000008c100000, 0x000000008c1fffd0, 0x000000008c200000| 99%| O|  |TAMS 0x000000008c1fffd0, 0x000000008c100000| Untracked 
|  26|0x000000008c200000, 0x000000008c2fffe0, 0x000000008c300000| 99%| O|  |TAMS 0x000000008c2fffe0, 0x000000008c200000| Untracked 
|  27|0x000000008c300000, 0x000000008c3fffe0, 0x000000008c400000| 99%| O|  |TAMS 0x000000008c3fffe0, 0x000000008c300000| Untracked 
|  28|0x000000008c400000, 0x000000008c4fffd8, 0x000000008c500000| 99%| O|  |TAMS 0x000000008c4fffd8, 0x000000008c400000| Untracked 
|  29|0x000000008c500000, 0x000000008c600000, 0x000000008c600000|100%| O|  |TAMS 0x000000008c600000, 0x000000008c500000| Untracked 
|  30|0x000000008c600000, 0x000000008c700000, 0x000000008c700000|100%| O|  |TAMS 0x000000008c700000, 0x000000008c600000| Untracked 
|  31|0x000000008c700000, 0x000000008c7fffc8, 0x000000008c800000| 99%| O|  |TAMS 0x000000008c7fffc8, 0x000000008c700000| Untracked 
|  32|0x000000008c800000, 0x000000008c8fffb0, 0x000000008c900000| 99%| O|  |TAMS 0x000000008c8fffb0, 0x000000008c800000| Untracked 
|  33|0x000000008c900000, 0x000000008ca00000, 0x000000008ca00000|100%| O|  |TAMS 0x000000008ca00000, 0x000000008c900000| Untracked 
|  34|0x000000008ca00000, 0x000000008cb00000, 0x000000008cb00000|100%| O|  |TAMS 0x000000008cb00000, 0x000000008ca00000| Untracked 
|  35|0x000000008cb00000, 0x000000008cc00000, 0x000000008cc00000|100%| O|  |TAMS 0x000000008cc00000, 0x000000008cb00000| Untracked 
|  36|0x000000008cc00000, 0x000000008ccffff8, 0x000000008cd00000| 99%| O|  |TAMS 0x000000008ccffff8, 0x000000008cc00000| Untracked 
|  37|0x000000008cd00000, 0x000000008cdffff8, 0x000000008ce00000| 99%| O|  |TAMS 0x000000008cdffff8, 0x000000008cd00000| Untracked 
|  38|0x000000008ce00000, 0x000000008cefffd8, 0x000000008cf00000| 99%| O|  |TAMS 0x000000008cefffd8, 0x000000008ce00000| Untracked 
|  39|0x000000008cf00000, 0x000000008cffffe0, 0x000000008d000000| 99%| O|  |TAMS 0x000000008cffffe0, 0x000000008cf00000| Untracked 
|  40|0x000000008d000000, 0x000000008d100000, 0x000000008d100000|100%| O|  |TAMS 0x000000008d100000, 0x000000008d000000| Untracked 
|  41|0x000000008d100000, 0x000000008d1fff80, 0x000000008d200000| 99%| O|  |TAMS 0x000000008d100000, 0x000000008d100000| Untracked 
|  42|0x000000008d200000, 0x000000008d2ffff0, 0x000000008d300000| 99%| O|  |TAMS 0x000000008d200000, 0x000000008d200000| Untracked 
|  43|0x000000008d300000, 0x000000008d3dbff8, 0x000000008d400000| 85%| O|  |TAMS 0x000000008d300000, 0x000000008d300000| Untracked 
|  44|0x000000008d400000, 0x000000008d4fffd8, 0x000000008d500000| 99%| O|  |TAMS 0x000000008d400000, 0x000000008d400000| Untracked 
|  45|0x000000008d500000, 0x000000008d5ab360, 0x000000008d600000| 66%| O|  |TAMS 0x000000008d500000, 0x000000008d500000| Untracked 
|  46|0x000000008d600000, 0x000000008d6e3358, 0x000000008d700000| 88%| O|  |TAMS 0x000000008d600000, 0x000000008d600000| Untracked 
|  47|0x000000008d700000, 0x000000008d800000, 0x000000008d800000|100%| O|  |TAMS 0x000000008d700000, 0x000000008d700000| Untracked 
|  48|0x000000008d800000, 0x000000008d802228, 0x000000008d900000|  0%| O|  |TAMS 0x000000008d800000, 0x000000008d800000| Untracked 
|  49|0x000000008d900000, 0x000000008da00000, 0x000000008da00000|100%| O|  |TAMS 0x000000008d900000, 0x000000008d900000| Untracked 
|  50|0x000000008da00000, 0x000000008db00000, 0x000000008db00000|100%| O|  |TAMS 0x000000008da00000, 0x000000008da00000| Untracked 
|  51|0x000000008db00000, 0x000000008dc00000, 0x000000008dc00000|100%| O|  |TAMS 0x000000008db00000, 0x000000008db00000| Untracked 
|  52|0x000000008dc00000, 0x000000008dd00000, 0x000000008dd00000|100%| O|  |TAMS 0x000000008dc00000, 0x000000008dc00000| Untracked 
|  53|0x000000008dd00000, 0x000000008dd4f400, 0x000000008de00000| 30%| O|  |TAMS 0x000000008dd00000, 0x000000008dd00000| Untracked 
|  54|0x000000008de00000, 0x000000008de46080, 0x000000008df00000| 27%| O|  |TAMS 0x000000008de00000, 0x000000008de00000| Untracked 
|  55|0x000000008df00000, 0x000000008df00000, 0x000000008e000000|  0%| F|  |TAMS 0x000000008df00000, 0x000000008df00000| Untracked 
|  56|0x000000008e000000, 0x000000008e094990, 0x000000008e100000| 58%| O|  |TAMS 0x000000008e000000, 0x000000008e000000| Untracked 
|  57|0x000000008e100000, 0x000000008e100000, 0x000000008e200000|  0%| F|  |TAMS 0x000000008e100000, 0x000000008e100000| Untracked 
|  58|0x000000008e200000, 0x000000008e200000, 0x000000008e300000|  0%| F|  |TAMS 0x000000008e200000, 0x000000008e200000| Untracked 
|  59|0x000000008e300000, 0x000000008e300000, 0x000000008e400000|  0%| F|  |TAMS 0x000000008e300000, 0x000000008e300000| Untracked 
|  60|0x000000008e400000, 0x000000008e400000, 0x000000008e500000|  0%| F|  |TAMS 0x000000008e400000, 0x000000008e400000| Untracked 
|  61|0x000000008e500000, 0x000000008e500000, 0x000000008e600000|  0%| F|  |TAMS 0x000000008e500000, 0x000000008e500000| Untracked 
|  62|0x000000008e600000, 0x000000008e600000, 0x000000008e700000|  0%| F|  |TAMS 0x000000008e600000, 0x000000008e600000| Untracked 
|  63|0x000000008e700000, 0x000000008e700000, 0x000000008e800000|  0%| F|  |TAMS 0x000000008e700000, 0x000000008e700000| Untracked 
|  64|0x000000008e800000, 0x000000008e800000, 0x000000008e900000|  0%| F|  |TAMS 0x000000008e800000, 0x000000008e800000| Untracked 
|  65|0x000000008e900000, 0x000000008e900000, 0x000000008ea00000|  0%| F|  |TAMS 0x000000008e900000, 0x000000008e900000| Untracked 
|  66|0x000000008ea00000, 0x000000008ea00000, 0x000000008eb00000|  0%| F|  |TAMS 0x000000008ea00000, 0x000000008ea00000| Untracked 
|  67|0x000000008eb00000, 0x000000008eb00000, 0x000000008ec00000|  0%| F|  |TAMS 0x000000008eb00000, 0x000000008eb00000| Untracked 
|  68|0x000000008ec00000, 0x000000008ec00000, 0x000000008ed00000|  0%| F|  |TAMS 0x000000008ec00000, 0x000000008ec00000| Untracked 
|  69|0x000000008ed00000, 0x000000008ed00000, 0x000000008ee00000|  0%| F|  |TAMS 0x000000008ed00000, 0x000000008ed00000| Untracked 
|  70|0x000000008ee00000, 0x000000008ee00000, 0x000000008ef00000|  0%| F|  |TAMS 0x000000008ee00000, 0x000000008ee00000| Untracked 
|  71|0x000000008ef00000, 0x000000008ef00000, 0x000000008f000000|  0%| F|  |TAMS 0x000000008ef00000, 0x000000008ef00000| Untracked 
|  72|0x000000008f000000, 0x000000008f000000, 0x000000008f100000|  0%| F|  |TAMS 0x000000008f000000, 0x000000008f000000| Untracked 
|  73|0x000000008f100000, 0x000000008f100000, 0x000000008f200000|  0%| F|  |TAMS 0x000000008f100000, 0x000000008f100000| Untracked 
|  74|0x000000008f200000, 0x000000008f200000, 0x000000008f300000|  0%| F|  |TAMS 0x000000008f200000, 0x000000008f200000| Untracked 
|  75|0x000000008f300000, 0x000000008f300000, 0x000000008f400000|  0%| F|  |TAMS 0x000000008f300000, 0x000000008f300000| Untracked 
|  76|0x000000008f400000, 0x000000008f400000, 0x000000008f500000|  0%| F|  |TAMS 0x000000008f400000, 0x000000008f400000| Untracked 
|  77|0x000000008f500000, 0x000000008f55e860, 0x000000008f600000| 36%| S|CS|TAMS 0x000000008f500000, 0x000000008f500000| Complete 
|  78|0x000000008f600000, 0x000000008f700000, 0x000000008f700000|100%| S|CS|TAMS 0x000000008f600000, 0x000000008f600000| Complete 
|  79|0x000000008f700000, 0x000000008f800000, 0x000000008f800000|100%| S|CS|TAMS 0x000000008f700000, 0x000000008f700000| Complete 
|  80|0x000000008f800000, 0x000000008f900000, 0x000000008f900000|100%| S|CS|TAMS 0x000000008f800000, 0x000000008f800000| Complete 
|  81|0x000000008f900000, 0x000000008fa00000, 0x000000008fa00000|100%| S|CS|TAMS 0x000000008f900000, 0x000000008f900000| Complete 
|  82|0x000000008fa00000, 0x000000008fb00000, 0x000000008fb00000|100%| S|CS|TAMS 0x000000008fa00000, 0x000000008fa00000| Complete 
|  83|0x000000008fb00000, 0x000000008fc00000, 0x000000008fc00000|100%| S|CS|TAMS 0x000000008fb00000, 0x000000008fb00000| Complete 
|  84|0x000000008fc00000, 0x000000008fd00000, 0x000000008fd00000|100%| S|CS|TAMS 0x000000008fc00000, 0x000000008fc00000| Complete 
|  85|0x000000008fd00000, 0x000000008fe00000, 0x000000008fe00000|100%| S|CS|TAMS 0x000000008fd00000, 0x000000008fd00000| Complete 
|  86|0x000000008fe00000, 0x000000008fe00000, 0x000000008ff00000|  0%| F|  |TAMS 0x000000008fe00000, 0x000000008fe00000| Untracked 
|  87|0x000000008ff00000, 0x000000008ff00000, 0x0000000090000000|  0%| F|  |TAMS 0x000000008ff00000, 0x000000008ff00000| Untracked 
|  88|0x0000000090000000, 0x0000000090000000, 0x0000000090100000|  0%| F|  |TAMS 0x0000000090000000, 0x0000000090000000| Untracked 
|  89|0x0000000090100000, 0x0000000090100000, 0x0000000090200000|  0%| F|  |TAMS 0x0000000090100000, 0x0000000090100000| Untracked 
|  90|0x0000000090200000, 0x0000000090200000, 0x0000000090300000|  0%| F|  |TAMS 0x0000000090200000, 0x0000000090200000| Untracked 
|  91|0x0000000090300000, 0x0000000090300000, 0x0000000090400000|  0%| F|  |TAMS 0x0000000090300000, 0x0000000090300000| Untracked 
|  92|0x0000000090400000, 0x0000000090400000, 0x0000000090500000|  0%| F|  |TAMS 0x0000000090400000, 0x0000000090400000| Untracked 
|  93|0x0000000090500000, 0x0000000090600000, 0x0000000090600000|100%| O|  |TAMS 0x0000000090600000, 0x0000000090500000| Untracked 
|  94|0x0000000090600000, 0x0000000090600000, 0x0000000090700000|  0%| F|  |TAMS 0x0000000090600000, 0x0000000090600000| Untracked 
|  95|0x0000000090700000, 0x0000000090700000, 0x0000000090800000|  0%| F|  |TAMS 0x0000000090700000, 0x0000000090700000| Untracked 
|  96|0x0000000090800000, 0x0000000090800000, 0x0000000090900000|  0%| F|  |TAMS 0x0000000090800000, 0x0000000090800000| Untracked 
|  97|0x0000000090900000, 0x0000000090900000, 0x0000000090a00000|  0%| F|  |TAMS 0x0000000090900000, 0x0000000090900000| Untracked 
|  98|0x0000000090a00000, 0x0000000090a00000, 0x0000000090b00000|  0%| F|  |TAMS 0x0000000090a00000, 0x0000000090a00000| Untracked 
|  99|0x0000000090b00000, 0x0000000090b00000, 0x0000000090c00000|  0%| F|  |TAMS 0x0000000090b00000, 0x0000000090b00000| Untracked 
| 100|0x0000000090c00000, 0x0000000090c00000, 0x0000000090d00000|  0%| F|  |TAMS 0x0000000090c00000, 0x0000000090c00000| Untracked 
| 101|0x0000000090d00000, 0x0000000090d00000, 0x0000000090e00000|  0%| F|  |TAMS 0x0000000090d00000, 0x0000000090d00000| Untracked 
| 102|0x0000000090e00000, 0x0000000090e00000, 0x0000000090f00000|  0%| F|  |TAMS 0x0000000090e00000, 0x0000000090e00000| Untracked 
| 103|0x0000000090f00000, 0x0000000090f00000, 0x0000000091000000|  0%| F|  |TAMS 0x0000000090f00000, 0x0000000090f00000| Untracked 
| 104|0x0000000091000000, 0x0000000091000000, 0x0000000091100000|  0%| F|  |TAMS 0x0000000091000000, 0x0000000091000000| Untracked 
| 105|0x0000000091100000, 0x0000000091100000, 0x0000000091200000|  0%| F|  |TAMS 0x0000000091100000, 0x0000000091100000| Untracked 
| 106|0x0000000091200000, 0x0000000091200000, 0x0000000091300000|  0%| F|  |TAMS 0x0000000091200000, 0x0000000091200000| Untracked 
| 107|0x0000000091300000, 0x0000000091300000, 0x0000000091400000|  0%| F|  |TAMS 0x0000000091300000, 0x0000000091300000| Untracked 
| 108|0x0000000091400000, 0x0000000091400000, 0x0000000091500000|  0%| F|  |TAMS 0x0000000091400000, 0x0000000091400000| Untracked 
| 109|0x0000000091500000, 0x0000000091500000, 0x0000000091600000|  0%| F|  |TAMS 0x0000000091500000, 0x0000000091500000| Untracked 
| 110|0x0000000091600000, 0x0000000091600000, 0x0000000091700000|  0%| F|  |TAMS 0x0000000091600000, 0x0000000091600000| Untracked 
| 111|0x0000000091700000, 0x0000000091700000, 0x0000000091800000|  0%| F|  |TAMS 0x0000000091700000, 0x0000000091700000| Untracked 
| 112|0x0000000091800000, 0x0000000091800000, 0x0000000091900000|  0%| F|  |TAMS 0x0000000091800000, 0x0000000091800000| Untracked 
| 113|0x0000000091900000, 0x0000000091900000, 0x0000000091a00000|  0%| F|  |TAMS 0x0000000091900000, 0x0000000091900000| Untracked 
| 114|0x0000000091a00000, 0x0000000091a00000, 0x0000000091b00000|  0%| F|  |TAMS 0x0000000091a00000, 0x0000000091a00000| Untracked 
| 115|0x0000000091b00000, 0x0000000091b00000, 0x0000000091c00000|  0%| F|  |TAMS 0x0000000091b00000, 0x0000000091b00000| Untracked 
| 116|0x0000000091c00000, 0x0000000091c00000, 0x0000000091d00000|  0%| F|  |TAMS 0x0000000091c00000, 0x0000000091c00000| Untracked 
| 117|0x0000000091d00000, 0x0000000091d00000, 0x0000000091e00000|  0%| F|  |TAMS 0x0000000091d00000, 0x0000000091d00000| Untracked 
| 118|0x0000000091e00000, 0x0000000091e00000, 0x0000000091f00000|  0%| F|  |TAMS 0x0000000091e00000, 0x0000000091e00000| Untracked 
| 119|0x0000000091f00000, 0x0000000091f00000, 0x0000000092000000|  0%| F|  |TAMS 0x0000000091f00000, 0x0000000091f00000| Untracked 
| 120|0x0000000092000000, 0x0000000092000000, 0x0000000092100000|  0%| F|  |TAMS 0x0000000092000000, 0x0000000092000000| Untracked 
| 121|0x0000000092100000, 0x0000000092100000, 0x0000000092200000|  0%| F|  |TAMS 0x0000000092100000, 0x0000000092100000| Untracked 
| 122|0x0000000092200000, 0x0000000092200000, 0x0000000092300000|  0%| F|  |TAMS 0x0000000092200000, 0x0000000092200000| Untracked 
| 123|0x0000000092300000, 0x0000000092300000, 0x0000000092400000|  0%| F|  |TAMS 0x0000000092300000, 0x0000000092300000| Untracked 
| 124|0x0000000092400000, 0x0000000092400000, 0x0000000092500000|  0%| F|  |TAMS 0x0000000092400000, 0x0000000092400000| Untracked 
| 125|0x0000000092500000, 0x0000000092500000, 0x0000000092600000|  0%| F|  |TAMS 0x0000000092500000, 0x0000000092500000| Untracked 
| 126|0x0000000092600000, 0x0000000092600000, 0x0000000092700000|  0%| F|  |TAMS 0x0000000092600000, 0x0000000092600000| Untracked 
| 127|0x0000000092700000, 0x0000000092700000, 0x0000000092800000|  0%| F|  |TAMS 0x0000000092700000, 0x0000000092700000| Untracked 
| 128|0x0000000092800000, 0x0000000092800000, 0x0000000092900000|  0%| F|  |TAMS 0x0000000092800000, 0x0000000092800000| Untracked 
| 129|0x0000000092900000, 0x0000000092900000, 0x0000000092a00000|  0%| F|  |TAMS 0x0000000092900000, 0x0000000092900000| Untracked 
| 130|0x0000000092a00000, 0x0000000092a00000, 0x0000000092b00000|  0%| F|  |TAMS 0x0000000092a00000, 0x0000000092a00000| Untracked 
| 131|0x0000000092b00000, 0x0000000092b00000, 0x0000000092c00000|  0%| F|  |TAMS 0x0000000092b00000, 0x0000000092b00000| Untracked 
| 132|0x0000000092c00000, 0x0000000092c00000, 0x0000000092d00000|  0%| F|  |TAMS 0x0000000092c00000, 0x0000000092c00000| Untracked 
| 133|0x0000000092d00000, 0x0000000092d00000, 0x0000000092e00000|  0%| F|  |TAMS 0x0000000092d00000, 0x0000000092d00000| Untracked 
| 134|0x0000000092e00000, 0x0000000092e00000, 0x0000000092f00000|  0%| F|  |TAMS 0x0000000092e00000, 0x0000000092e00000| Untracked 
| 135|0x0000000092f00000, 0x0000000092f00000, 0x0000000093000000|  0%| F|  |TAMS 0x0000000092f00000, 0x0000000092f00000| Untracked 
| 136|0x0000000093000000, 0x0000000093000000, 0x0000000093100000|  0%| F|  |TAMS 0x0000000093000000, 0x0000000093000000| Untracked 
| 137|0x0000000093100000, 0x0000000093100000, 0x0000000093200000|  0%| F|  |TAMS 0x0000000093100000, 0x0000000093100000| Untracked 
| 138|0x0000000093200000, 0x0000000093200000, 0x0000000093300000|  0%| F|  |TAMS 0x0000000093200000, 0x0000000093200000| Untracked 
| 139|0x0000000093300000, 0x0000000093300000, 0x0000000093400000|  0%| F|  |TAMS 0x0000000093300000, 0x0000000093300000| Untracked 
| 140|0x0000000093400000, 0x0000000093400000, 0x0000000093500000|  0%| F|  |TAMS 0x0000000093400000, 0x0000000093400000| Untracked 
| 141|0x0000000093500000, 0x0000000093500000, 0x0000000093600000|  0%| F|  |TAMS 0x0000000093500000, 0x0000000093500000| Untracked 
| 142|0x0000000093600000, 0x0000000093600000, 0x0000000093700000|  0%| F|  |TAMS 0x0000000093600000, 0x0000000093600000| Untracked 
| 143|0x0000000093700000, 0x0000000093700000, 0x0000000093800000|  0%| F|  |TAMS 0x0000000093700000, 0x0000000093700000| Untracked 
| 144|0x0000000093800000, 0x0000000093800000, 0x0000000093900000|  0%| F|  |TAMS 0x0000000093800000, 0x0000000093800000| Untracked 
| 145|0x0000000093900000, 0x0000000093900000, 0x0000000093a00000|  0%| F|  |TAMS 0x0000000093900000, 0x0000000093900000| Untracked 
| 146|0x0000000093a00000, 0x0000000093a00000, 0x0000000093b00000|  0%| F|  |TAMS 0x0000000093a00000, 0x0000000093a00000| Untracked 
| 147|0x0000000093b00000, 0x0000000093b00000, 0x0000000093c00000|  0%| F|  |TAMS 0x0000000093b00000, 0x0000000093b00000| Untracked 
| 148|0x0000000093c00000, 0x0000000093c00000, 0x0000000093d00000|  0%| F|  |TAMS 0x0000000093c00000, 0x0000000093c00000| Untracked 
| 149|0x0000000093d00000, 0x0000000093d00000, 0x0000000093e00000|  0%| F|  |TAMS 0x0000000093d00000, 0x0000000093d00000| Untracked 
| 150|0x0000000093e00000, 0x0000000093e00000, 0x0000000093f00000|  0%| F|  |TAMS 0x0000000093e00000, 0x0000000093e00000| Untracked 
| 151|0x0000000093f00000, 0x0000000093f00000, 0x0000000094000000|  0%| F|  |TAMS 0x0000000093f00000, 0x0000000093f00000| Untracked 
| 152|0x0000000094000000, 0x0000000094000000, 0x0000000094100000|  0%| F|  |TAMS 0x0000000094000000, 0x0000000094000000| Untracked 
| 153|0x0000000094100000, 0x0000000094100000, 0x0000000094200000|  0%| F|  |TAMS 0x0000000094100000, 0x0000000094100000| Untracked 
| 154|0x0000000094200000, 0x0000000094200000, 0x0000000094300000|  0%| F|  |TAMS 0x0000000094200000, 0x0000000094200000| Untracked 
| 155|0x0000000094300000, 0x0000000094300000, 0x0000000094400000|  0%| F|  |TAMS 0x0000000094300000, 0x0000000094300000| Untracked 
| 156|0x0000000094400000, 0x0000000094400000, 0x0000000094500000|  0%| F|  |TAMS 0x0000000094400000, 0x0000000094400000| Untracked 
| 157|0x0000000094500000, 0x0000000094500000, 0x0000000094600000|  0%| F|  |TAMS 0x0000000094500000, 0x0000000094500000| Untracked 
| 158|0x0000000094600000, 0x0000000094600000, 0x0000000094700000|  0%| F|  |TAMS 0x0000000094600000, 0x0000000094600000| Untracked 
| 159|0x0000000094700000, 0x0000000094700000, 0x0000000094800000|  0%| F|  |TAMS 0x0000000094700000, 0x0000000094700000| Untracked 
| 160|0x0000000094800000, 0x0000000094800000, 0x0000000094900000|  0%| F|  |TAMS 0x0000000094800000, 0x0000000094800000| Untracked 
| 161|0x0000000094900000, 0x0000000094900000, 0x0000000094a00000|  0%| F|  |TAMS 0x0000000094900000, 0x0000000094900000| Untracked 
| 162|0x0000000094a00000, 0x0000000094a00000, 0x0000000094b00000|  0%| F|  |TAMS 0x0000000094a00000, 0x0000000094a00000| Untracked 
| 163|0x0000000094b00000, 0x0000000094b00000, 0x0000000094c00000|  0%| F|  |TAMS 0x0000000094b00000, 0x0000000094b00000| Untracked 
| 164|0x0000000094c00000, 0x0000000094c00000, 0x0000000094d00000|  0%| F|  |TAMS 0x0000000094c00000, 0x0000000094c00000| Untracked 
| 165|0x0000000094d00000, 0x0000000094d00000, 0x0000000094e00000|  0%| F|  |TAMS 0x0000000094d00000, 0x0000000094d00000| Untracked 
| 166|0x0000000094e00000, 0x0000000094e00000, 0x0000000094f00000|  0%| F|  |TAMS 0x0000000094e00000, 0x0000000094e00000| Untracked 
| 167|0x0000000094f00000, 0x0000000094f00000, 0x0000000095000000|  0%| F|  |TAMS 0x0000000094f00000, 0x0000000094f00000| Untracked 
| 168|0x0000000095000000, 0x0000000095000000, 0x0000000095100000|  0%| F|  |TAMS 0x0000000095000000, 0x0000000095000000| Untracked 
| 169|0x0000000095100000, 0x0000000095100000, 0x0000000095200000|  0%| F|  |TAMS 0x0000000095100000, 0x0000000095100000| Untracked 

Card table byte_map: [0x0000023bd7f40000,0x0000023bd82f0000] _byte_map_base: 0x0000023bd7aec000

Marking Bits (Prev, Next): (CMBitMap*) 0x0000023bcf263660, (CMBitMap*) 0x0000023bcf2636a0
 Prev Bits: [0x0000023bd86a0000, 0x0000023bda400000)
 Next Bits: [0x0000023bda400000, 0x0000023bdc160000)

Polling page: 0x0000023bcef60000

Metaspace:

Usage:
  Non-class:    127.70 MB used.
      Class:     18.38 MB used.
       Both:    146.08 MB used.

Virtual space:
  Non-class space:      192.00 MB reserved,     128.81 MB ( 67%) committed,  3 nodes.
      Class space:        1.00 GB reserved,      19.31 MB (  2%) committed,  1 nodes.
             Both:        1.19 GB reserved,     148.12 MB ( 12%) committed. 

Chunk freelists:
   Non-Class:  15.14 MB
       Class:  12.69 MB
        Both:  27.83 MB

MaxMetaspaceSize: unlimited
CompressedClassSpaceSize: 1.00 GB
Initial GC threshold: 21.00 MB
Current GC threshold: 245.00 MB
CDS: off
MetaspaceReclaimPolicy: balanced
 - commit_granule_bytes: 65536.
 - commit_granule_words: 8192.
 - virtual_space_node_default_size: 8388608.
 - enlarge_chunks_in_place: 1.
 - new_chunks_are_fully_committed: 0.
 - uncommit_free_chunks: 1.
 - use_allocation_guard: 0.
 - handle_deallocations: 1.


Internal statistics:

num_allocs_failed_limit: 9.
num_arena_births: 9734.
num_arena_deaths: 6560.
num_vsnodes_births: 4.
num_vsnodes_deaths: 0.
num_space_committed: 2863.
num_space_uncommitted: 493.
num_chunks_returned_to_freelist: 13286.
num_chunks_taken_from_freelist: 23999.
num_chunk_merges: 2672.
num_chunk_splits: 9796.
num_chunks_enlarged: 5213.
num_inconsistent_stats: 0.

CodeCache: size=49152Kb used=43148Kb max_used=49151Kb free=6003Kb
 bounds [0x0000023bd4080000, 0x0000023bd7080000, 0x0000023bd7080000]
 total_blobs=20754 nmethods=20001 adapters=678
 compilation: enabled
              stopped_count=1, restarted_count=1
 full_count=3

Compilation events (20 events):
Event: 36445.997 Thread 0x0000023be30294a0 59807       1       org.springframework.format.support.FormattingConversionService::getAnnotationType (36 bytes)
Event: 36445.997 Thread 0x0000023be30294a0 nmethod 59807 0x0000023bd53bae10 code [0x0000023bd53bb000, 0x0000023bd53bb348]
Event: 36445.998 Thread 0x0000023be30294a0 59805       1       java.time.format.DateTimeFormatterBuilder::toFormatter (13 bytes)
Event: 36445.998 Thread 0x0000023be30294a0 nmethod 59805 0x0000023bd4892c90 code [0x0000023bd4892e40, 0x0000023bd4892f98]
Event: 36445.998 Thread 0x0000023be30294a0 59804       1       java.time.format.DateTimeFormatterBuilder$LocalizedPrinterParser::<init> (15 bytes)
Event: 36445.998 Thread 0x0000023be30294a0 nmethod 59804 0x0000023bd4a29790 code [0x0000023bd4a29920, 0x0000023bd4a29a78]
Event: 36446.075 Thread 0x0000023be30294a0 59808       1       com.fasterxml.jackson.databind.cfg.SerializerFactoryConfig::withSerializerModifier (43 bytes)
Event: 36446.075 Thread 0x0000023be30294a0 nmethod 59808 0x0000023bd4d42590 code [0x0000023bd4d42740, 0x0000023bd4d42988]
Event: 36446.083 Thread 0x0000023be30294a0 59809       1       org.springframework.boot.autoconfigure.http.HttpMessageConverters::getCombinedConverters (155 bytes)
Event: 36446.084 Thread 0x0000023be30294a0 nmethod 59809 0x0000023bd6fb4910 code [0x0000023bd6fb4bc0, 0x0000023bd6fb5628]
Event: 36446.095 Thread 0x0000023be30294a0 59810       1       org.springframework.security.web.util.ThrowableAnalyzer::registerExtractor (19 bytes)
Event: 36446.096 Thread 0x0000023be30294a0 nmethod 59810 0x0000023bd5509e10 code [0x0000023bd5509fc0, 0x0000023bd550a178]
Event: 36446.096 Thread 0x0000023be30294a0 59811       1       org.springframework.security.web.util.ThrowableAnalyzer$$Lambda$1578/0x0000000100b91100::compare (12 bytes)
Event: 36446.096 Thread 0x0000023be30294a0 nmethod 59811 0x0000023bd5b4d690 code [0x0000023bd5b4d880, 0x0000023bd5b4db28]
Event: 36446.096 Thread 0x0000023be30294a0 59812       1       org.springframework.security.web.util.ThrowableAnalyzer::lambda$static$1 (32 bytes)
Event: 36446.096 Thread 0x0000023be30294a0 nmethod 59812 0x0000023bd5b21490 code [0x0000023bd5b21660, 0x0000023bd5b21888]
Event: 36446.222 Thread 0x0000023be30294a0 59813       1       org.springframework.web.servlet.mvc.method.annotation.AbstractMessageConverterMethodArgumentResolver::<init> (39 bytes)
Event: 36446.224 Thread 0x0000023be30294a0 nmethod 59813 0x0000023bd4c5b390 code [0x0000023bd4c5b580, 0x0000023bd4c5ba08]
Event: 36446.224 Thread 0x0000023be30294a0 59814       1       org.springframework.web.servlet.mvc.method.annotation.RequestResponseBodyAdviceChain::<init> (61 bytes)
Event: 36446.225 Thread 0x0000023be30294a0 nmethod 59814 0x0000023bd5ca8e90 code [0x0000023bd5ca9080, 0x0000023bd5ca93f8]

GC Heap History (20 events):
Event: 36266.647 GC heap after
{Heap after GC invocations=1047 (full 73):
 garbage-first heap   total 191488K, used 67078K [0x000000008a800000, 0x0000000100000000)
  region size 1024K, 1 young (1024K), 1 survivors (1024K)
 Metaspace       used 146940K, committed 149248K, reserved 1179648K
  class space    used 18567K, committed 19584K, reserved 1048576K
}
Event: 36294.721 GC heap before
{Heap before GC invocations=1047 (full 73):
 garbage-first heap   total 191488K, used 144902K [0x000000008a800000, 0x0000000100000000)
  region size 1024K, 78 young (79872K), 1 survivors (1024K)
 Metaspace       used 147034K, committed 149248K, reserved 1179648K
  class space    used 18582K, committed 19584K, reserved 1048576K
}
Event: 36296.096 GC heap after
{Heap after GC invocations=1048 (full 74):
 garbage-first heap   total 188416K, used 53910K [0x000000008a800000, 0x0000000100000000)
  region size 1024K, 0 young (0K), 0 survivors (0K)
 Metaspace       used 147024K, committed 149248K, reserved 1179648K
  class space    used 18580K, committed 19584K, reserved 1048576K
}
Event: 36298.636 GC heap before
{Heap before GC invocations=1048 (full 74):
 garbage-first heap   total 188416K, used 162454K [0x000000008a800000, 0x0000000100000000)
  region size 1024K, 107 young (109568K), 0 survivors (0K)
 Metaspace       used 147818K, committed 149952K, reserved 1179648K
  class space    used 18671K, committed 19648K, reserved 1048576K
}
Event: 36298.713 GC heap after
{Heap after GC invocations=1049 (full 74):
 garbage-first heap   total 188416K, used 62955K [0x000000008a800000, 0x0000000100000000)
  region size 1024K, 9 young (9216K), 9 survivors (9216K)
 Metaspace       used 147818K, committed 149952K, reserved 1179648K
  class space    used 18671K, committed 19648K, reserved 1048576K
}
Event: 36313.789 GC heap before
{Heap before GC invocations=1049 (full 74):
 garbage-first heap   total 188416K, used 156139K [0x000000008a800000, 0x0000000100000000)
  region size 1024K, 100 young (102400K), 9 survivors (9216K)
 Metaspace       used 148374K, committed 150528K, reserved 1179648K
  class space    used 18708K, committed 19712K, reserved 1048576K
}
Event: 36313.812 GC heap after
{Heap after GC invocations=1050 (full 74):
 garbage-first heap   total 188416K, used 67681K [0x000000008a800000, 0x0000000100000000)
  region size 1024K, 7 young (7168K), 7 survivors (7168K)
 Metaspace       used 148374K, committed 150528K, reserved 1179648K
  class space    used 18708K, committed 19712K, reserved 1048576K
}
Event: 36345.255 GC heap before
{Heap before GC invocations=1050 (full 74):
 garbage-first heap   total 188416K, used 153697K [0x000000008a800000, 0x0000000100000000)
  region size 1024K, 91 young (93184K), 7 survivors (7168K)
 Metaspace       used 148374K, committed 150528K, reserved 1179648K
  class space    used 18708K, committed 19712K, reserved 1048576K
}
Event: 36345.264 GC heap after
{Heap after GC invocations=1051 (full 74):
 garbage-first heap   total 188416K, used 68274K [0x000000008a800000, 0x0000000100000000)
  region size 1024K, 8 young (8192K), 8 survivors (8192K)
 Metaspace       used 148374K, committed 150528K, reserved 1179648K
  class space    used 18708K, committed 19712K, reserved 1048576K
}
Event: 36377.362 GC heap before
{Heap before GC invocations=1051 (full 74):
 garbage-first heap   total 188416K, used 155314K [0x000000008a800000, 0x0000000100000000)
  region size 1024K, 93 young (95232K), 8 survivors (8192K)
 Metaspace       used 148374K, committed 150528K, reserved 1179648K
  class space    used 18708K, committed 19712K, reserved 1048576K
}
Event: 36377.369 GC heap after
{Heap after GC invocations=1052 (full 74):
 garbage-first heap   total 188416K, used 68223K [0x000000008a800000, 0x0000000100000000)
  region size 1024K, 1 young (1024K), 1 survivors (1024K)
 Metaspace       used 148374K, committed 150528K, reserved 1179648K
  class space    used 18708K, committed 19712K, reserved 1048576K
}
Event: 36410.727 GC heap before
{Heap before GC invocations=1052 (full 74):
 garbage-first heap   total 188416K, used 157311K [0x000000008a800000, 0x0000000100000000)
  region size 1024K, 88 young (90112K), 1 survivors (1024K)
 Metaspace       used 148374K, committed 150528K, reserved 1179648K
  class space    used 18708K, committed 19712K, reserved 1048576K
}
Event: 36410.729 GC heap after
{Heap after GC invocations=1053 (full 74):
 garbage-first heap   total 188416K, used 67544K [0x000000008a800000, 0x0000000100000000)
  region size 1024K, 1 young (1024K), 1 survivors (1024K)
 Metaspace       used 148374K, committed 150528K, reserved 1179648K
  class space    used 18708K, committed 19712K, reserved 1048576K
}
Event: 36443.565 GC heap before
{Heap before GC invocations=1053 (full 74):
 garbage-first heap   total 188416K, used 158680K [0x000000008a800000, 0x0000000100000000)
  region size 1024K, 90 young (92160K), 1 survivors (1024K)
 Metaspace       used 148374K, committed 150528K, reserved 1179648K
  class space    used 18708K, committed 19712K, reserved 1048576K
}
Event: 36443.580 GC heap after
{Heap after GC invocations=1054 (full 74):
 garbage-first heap   total 188416K, used 68420K [0x000000008a800000, 0x0000000100000000)
  region size 1024K, 2 young (2048K), 2 survivors (2048K)
 Metaspace       used 148374K, committed 150528K, reserved 1179648K
  class space    used 18708K, committed 19712K, reserved 1048576K
}
Event: 36443.677 GC heap before
{Heap before GC invocations=1054 (full 74):
 garbage-first heap   total 188416K, used 68420K [0x000000008a800000, 0x0000000100000000)
  region size 1024K, 3 young (3072K), 2 survivors (2048K)
 Metaspace       used 148377K, committed 150528K, reserved 1179648K
  class space    used 18709K, committed 19712K, reserved 1048576K
}
Event: 36444.051 GC heap after
{Heap after GC invocations=1055 (full 75):
 garbage-first heap   total 174080K, used 49434K [0x000000008a800000, 0x0000000100000000)
  region size 1024K, 0 young (0K), 0 survivors (0K)
 Metaspace       used 148225K, committed 150528K, reserved 1179648K
  class space    used 18684K, committed 19712K, reserved 1048576K
}
Event: 36445.301 GC heap before
{Heap before GC invocations=1055 (full 75):
 garbage-first heap   total 174080K, used 145690K [0x000000008a800000, 0x0000000100000000)
  region size 1024K, 95 young (97280K), 0 survivors (0K)
 Metaspace       used 148915K, committed 151040K, reserved 1245184K
  class space    used 18775K, committed 19776K, reserved 1048576K
}
Event: 36445.338 GC heap after
{Heap after GC invocations=1056 (full 75):
 garbage-first heap   total 174080K, used 56964K [0x000000008a800000, 0x0000000100000000)
  region size 1024K, 8 young (8192K), 8 survivors (8192K)
 Metaspace       used 148915K, committed 151040K, reserved 1245184K
  class space    used 18775K, committed 19776K, reserved 1048576K
}
Event: 36453.692 GC heap before
{Heap before GC invocations=1056 (full 75):
 garbage-first heap   total 174080K, used 141956K [0x000000008a800000, 0x0000000100000000)
  region size 1024K, 91 young (93184K), 8 survivors (8192K)
 Metaspace       used 149584K, committed 151680K, reserved 1245184K
  class space    used 18819K, committed 19776K, reserved 1048576K
}

Dll operation events (9 events):
Event: 0.008 Loaded shared library D:\Downloads\sts-4.21.0.RELEASE\plugins\org.eclipse.justj.openjdk.hotspot.jre.full.win32.x86_64_17.0.9.v20231028-0858\jre\bin\java.dll
Event: 0.255 Loaded shared library D:\Downloads\sts-4.21.0.RELEASE\plugins\org.eclipse.justj.openjdk.hotspot.jre.full.win32.x86_64_17.0.9.v20231028-0858\jre\bin\jimage.dll
Event: 0.277 Loaded shared library D:\Downloads\sts-4.21.0.RELEASE\plugins\org.eclipse.justj.openjdk.hotspot.jre.full.win32.x86_64_17.0.9.v20231028-0858\jre\bin\net.dll
Event: 0.279 Loaded shared library D:\Downloads\sts-4.21.0.RELEASE\plugins\org.eclipse.justj.openjdk.hotspot.jre.full.win32.x86_64_17.0.9.v20231028-0858\jre\bin\nio.dll
Event: 0.286 Loaded shared library D:\Downloads\sts-4.21.0.RELEASE\plugins\org.eclipse.justj.openjdk.hotspot.jre.full.win32.x86_64_17.0.9.v20231028-0858\jre\bin\zip.dll
Event: 0.369 Loaded shared library D:\Downloads\sts-4.21.0.RELEASE\plugins\org.eclipse.justj.openjdk.hotspot.jre.full.win32.x86_64_17.0.9.v20231028-0858\jre\bin\management.dll
Event: 0.391 Loaded shared library D:\Downloads\sts-4.21.0.RELEASE\plugins\org.eclipse.justj.openjdk.hotspot.jre.full.win32.x86_64_17.0.9.v20231028-0858\jre\bin\management_ext.dll
Event: 2.062 Loaded shared library D:\Downloads\sts-4.21.0.RELEASE\plugins\org.eclipse.justj.openjdk.hotspot.jre.full.win32.x86_64_17.0.9.v20231028-0858\jre\bin\sunmscapi.dll
Event: 3.983 Loaded shared library D:\Downloads\sts-4.21.0.RELEASE\plugins\org.eclipse.justj.openjdk.hotspot.jre.full.win32.x86_64_17.0.9.v20231028-0858\jre\bin\verify.dll

Deoptimization events (20 events):
Event: 36299.112 Thread 0x0000023bebacc070 DEOPT PACKING pc=0x0000023bd6d8d62b sp=0x0000006709ef9cf0
Event: 36299.113 Thread 0x0000023bebacc070 DEOPT UNPACKING pc=0x0000023bd40d7143 sp=0x0000006709ef9188 mode 3
Event: 36299.405 Thread 0x0000023bebacc070 DEOPT PACKING pc=0x0000023bd59e7bf9 sp=0x0000006709ef9410
Event: 36299.405 Thread 0x0000023bebacc070 DEOPT UNPACKING pc=0x0000023bd40d7143 sp=0x0000006709ef88e0 mode 3
Event: 36299.467 Thread 0x0000023bebacc070 DEOPT PACKING pc=0x0000023bd421e06e sp=0x0000006709ef59c0
Event: 36299.467 Thread 0x0000023bebacc070 DEOPT UNPACKING pc=0x0000023bd40d7143 sp=0x0000006709ef4ee0 mode 3
Event: 36299.467 Thread 0x0000023bebacc070 DEOPT PACKING pc=0x0000023bd426c20d sp=0x0000006709ef58f0
Event: 36299.467 Thread 0x0000023bebacc070 DEOPT UNPACKING pc=0x0000023bd40d7143 sp=0x0000006709ef4dd0 mode 3
Event: 36444.319 Thread 0x0000023bec2e6160 DEOPT PACKING pc=0x0000023bd41ea8f7 sp=0x0000006709efcd20
Event: 36444.319 Thread 0x0000023bec2e6160 DEOPT UNPACKING pc=0x0000023bd40d7143 sp=0x0000006709efc1f0 mode 3
Event: 36444.608 Thread 0x0000023bec2e6160 DEOPT PACKING pc=0x0000023bd4514a46 sp=0x0000006709efa570
Event: 36444.608 Thread 0x0000023bec2e6160 DEOPT UNPACKING pc=0x0000023bd40d7143 sp=0x0000006709ef9a70 mode 3
Event: 36444.611 Thread 0x0000023bec2e6160 DEOPT PACKING pc=0x0000023bd4814813 sp=0x0000006709ef9900
Event: 36444.613 Thread 0x0000023bec2e6160 DEOPT UNPACKING pc=0x0000023bd40d7143 sp=0x0000006709ef8dd8 mode 3
Event: 36444.629 Thread 0x0000023bec2e6160 DEOPT PACKING pc=0x0000023bd6d3d6e4 sp=0x0000006709efb3d0
Event: 36444.629 Thread 0x0000023bec2e6160 DEOPT UNPACKING pc=0x0000023bd40d7143 sp=0x0000006709efa868 mode 3
Event: 36445.723 Thread 0x0000023bec2e6160 DEOPT PACKING pc=0x0000023bd6cbf9ae sp=0x0000006709ef9010
Event: 36445.724 Thread 0x0000023bec2e6160 DEOPT UNPACKING pc=0x0000023bd40d7143 sp=0x0000006709ef8520 mode 3
Event: 36445.857 Thread 0x0000023bec2e6160 DEOPT PACKING pc=0x0000023bd66fa731 sp=0x0000006709efa380
Event: 36445.857 Thread 0x0000023bec2e6160 DEOPT UNPACKING pc=0x0000023bd40d7143 sp=0x0000006709ef9818 mode 3

Classes unloaded (20 events):
Event: 36443.750 Thread 0x0000023be301a210 Unloading class 0x000000010127d000 'jdk/internal/reflect/GeneratedSerializationConstructorAccessor1102'
Event: 36443.750 Thread 0x0000023be301a210 Unloading class 0x00000001012e6c00 'jdk/internal/reflect/GeneratedSerializationConstructorAccessor1101'
Event: 36443.750 Thread 0x0000023be301a210 Unloading class 0x0000000101206000 'jdk/internal/reflect/GeneratedSerializationConstructorAccessor1100'
Event: 36443.751 Thread 0x0000023be301a210 Unloading class 0x0000000101186400 'jdk/internal/reflect/GeneratedSerializationConstructorAccessor1099'
Event: 36443.751 Thread 0x0000023be301a210 Unloading class 0x000000010129cc00 'jdk/internal/reflect/GeneratedSerializationConstructorAccessor1098'
Event: 36443.751 Thread 0x0000023be301a210 Unloading class 0x0000000101207c00 'jdk/internal/reflect/GeneratedSerializationConstructorAccessor1097'
Event: 36443.751 Thread 0x0000023be301a210 Unloading class 0x00000001012f5000 'jdk/internal/reflect/GeneratedSerializationConstructorAccessor1096'
Event: 36443.751 Thread 0x0000023be301a210 Unloading class 0x0000000101304000 'jdk/internal/reflect/GeneratedSerializationConstructorAccessor1095'
Event: 36443.751 Thread 0x0000023be301a210 Unloading class 0x0000000101308400 'jdk/internal/reflect/GeneratedSerializationConstructorAccessor1094'
Event: 36443.751 Thread 0x0000023be301a210 Unloading class 0x0000000101309c00 'jdk/internal/reflect/GeneratedSerializationConstructorAccessor1093'
Event: 36443.751 Thread 0x0000023be301a210 Unloading class 0x0000000101314400 'jdk/internal/reflect/GeneratedSerializationConstructorAccessor1092'
Event: 36443.751 Thread 0x0000023be301a210 Unloading class 0x0000000101315800 'jdk/internal/reflect/GeneratedSerializationConstructorAccessor1091'
Event: 36443.751 Thread 0x0000023be301a210 Unloading class 0x0000000101316800 'jdk/internal/reflect/GeneratedConstructorAccessor1041'
Event: 36443.751 Thread 0x0000023be301a210 Unloading class 0x0000000101318400 'jdk/internal/reflect/GeneratedConstructorAccessor1040'
Event: 36443.751 Thread 0x0000023be301a210 Unloading class 0x000000010131b400 'jdk/internal/reflect/GeneratedConstructorAccessor1039'
Event: 36443.751 Thread 0x0000023be301a210 Unloading class 0x000000010131b000 'jdk/internal/reflect/GeneratedConstructorAccessor1038'
Event: 36443.751 Thread 0x0000023be301a210 Unloading class 0x000000010131ac00 'jdk/internal/reflect/GeneratedConstructorAccessor1037'
Event: 36443.751 Thread 0x0000023be301a210 Unloading class 0x0000000101319000 'jdk/internal/reflect/GeneratedConstructorAccessor1036'
Event: 36443.751 Thread 0x0000023be301a210 Unloading class 0x0000000101318c00 'jdk/internal/reflect/GeneratedConstructorAccessor1035'
Event: 36443.751 Thread 0x0000023be301a210 Unloading class 0x00000001012f4000 'org/apache/catalina/loader/JdbcLeakPrevention'

Classes redefined (0 events):
No events

Internal exceptions (20 events):
Event: 36444.724 Thread 0x0000023bec2e6160 Exception <a 'java/io/FileNotFoundException'{0x0000000091c4c5c8}> (0x0000000091c4c5c8) 
thrown [s\src\hotspot\share\prims\jni.cpp, line 516]
Event: 36444.757 Thread 0x0000023bec2e6160 Exception <a 'java/io/FileNotFoundException'{0x0000000091addd30}> (0x0000000091addd30) 
thrown [s\src\hotspot\share\prims\jni.cpp, line 516]
Event: 36444.814 Thread 0x0000023bec2e6160 Exception <a 'sun/nio/fs/WindowsException'{0x000000009156cb70}> (0x000000009156cb70) 
thrown [s\src\hotspot\share\prims\jni.cpp, line 516]
Event: 36445.766 Thread 0x0000023bec2e6160 Exception <a 'java/lang/reflect/InvocationTargetException'{0x000000009439af70}> (0x000000009439af70) 
thrown [s\src\hotspot\share\runtime\reflection.cpp, line 1121]
Event: 36445.767 Thread 0x0000023bec2e6160 Exception <a 'java/lang/reflect/InvocationTargetException'{0x00000000943a6fd8}> (0x00000000943a6fd8) 
thrown [s\src\hotspot\share\runtime\reflection.cpp, line 1121]
Event: 36445.767 Thread 0x0000023bec2e6160 Exception <a 'java/lang/reflect/InvocationTargetException'{0x00000000943b43a8}> (0x00000000943b43a8) 
thrown [s\src\hotspot\share\runtime\reflection.cpp, line 1121]
Event: 36445.782 Thread 0x0000023bec2e6160 Exception <a 'java/lang/reflect/InvocationTargetException'{0x000000009400ef48}> (0x000000009400ef48) 
thrown [s\src\hotspot\share\runtime\reflection.cpp, line 1121]
Event: 36445.784 Thread 0x0000023bec2e6160 Exception <a 'java/lang/reflect/InvocationTargetException'{0x0000000094025d68}> (0x0000000094025d68) 
thrown [s\src\hotspot\share\runtime\reflection.cpp, line 1121]
Event: 36445.796 Thread 0x0000023bec2e6160 Exception <a 'java/lang/reflect/InvocationTargetException'{0x0000000093fb67f0}> (0x0000000093fb67f0) 
thrown [s\src\hotspot\share\runtime\reflection.cpp, line 1121]
Event: 36445.803 Thread 0x0000023bec2e6160 Exception <a 'java/lang/reflect/InvocationTargetException'{0x0000000093eb0320}> (0x0000000093eb0320) 
thrown [s\src\hotspot\share\runtime\reflection.cpp, line 1121]
Event: 36445.804 Thread 0x0000023bec2e6160 Exception <a 'java/lang/reflect/InvocationTargetException'{0x0000000093ebe838}> (0x0000000093ebe838) 
thrown [s\src\hotspot\share\runtime\reflection.cpp, line 1121]
Event: 36445.813 Thread 0x0000023bec2e6160 Exception <a 'java/lang/reflect/InvocationTargetException'{0x0000000093c45630}> (0x0000000093c45630) 
thrown [s\src\hotspot\share\runtime\reflection.cpp, line 1121]
Event: 36445.815 Thread 0x0000023bec2e6160 Exception <a 'java/lang/reflect/InvocationTargetException'{0x0000000093c564b8}> (0x0000000093c564b8) 
thrown [s\src\hotspot\share\runtime\reflection.cpp, line 1121]
Event: 36445.824 Thread 0x0000023bec2e6160 Exception <a 'java/lang/reflect/InvocationTargetException'{0x0000000093b56b78}> (0x0000000093b56b78) 
thrown [s\src\hotspot\share\runtime\reflection.cpp, line 1121]
Event: 36445.825 Thread 0x0000023bec2e6160 Exception <a 'java/lang/reflect/InvocationTargetException'{0x0000000093b66f68}> (0x0000000093b66f68) 
thrown [s\src\hotspot\share\runtime\reflection.cpp, line 1121]
Event: 36445.826 Thread 0x0000023bec2e6160 Exception <a 'java/lang/reflect/InvocationTargetException'{0x0000000093b718d8}> (0x0000000093b718d8) 
thrown [s\src\hotspot\share\runtime\reflection.cpp, line 1121]
Event: 36445.835 Thread 0x0000023bec2e6160 Exception <a 'java/lang/reflect/InvocationTargetException'{0x0000000093a6c9f8}> (0x0000000093a6c9f8) 
thrown [s\src\hotspot\share\runtime\reflection.cpp, line 1121]
Event: 36445.843 Thread 0x0000023bec2e6160 Exception <a 'java/lang/reflect/InvocationTargetException'{0x00000000939747f8}> (0x00000000939747f8) 
thrown [s\src\hotspot\share\runtime\reflection.cpp, line 1121]
Event: 36445.855 Thread 0x0000023bec2e6160 Exception <a 'java/lang/reflect/InvocationTargetException'{0x00000000938c44a0}> (0x00000000938c44a0) 
thrown [s\src\hotspot\share\runtime\reflection.cpp, line 1121]
Event: 36446.062 Thread 0x0000023bec2e6160 Exception <a 'sun/nio/fs/WindowsException'{0x000000009222ecc8}> (0x000000009222ecc8) 
thrown [s\src\hotspot\share\prims\jni.cpp, line 516]

VM Operations (20 events):
Event: 36313.812 Executing VM operation: G1CollectForAllocation done
Event: 36345.255 Executing VM operation: G1CollectForAllocation
Event: 36345.264 Executing VM operation: G1CollectForAllocation done
Event: 36377.362 Executing VM operation: G1CollectForAllocation
Event: 36377.369 Executing VM operation: G1CollectForAllocation done
Event: 36410.727 Executing VM operation: G1CollectForAllocation
Event: 36410.729 Executing VM operation: G1CollectForAllocation done
Event: 36443.565 Executing VM operation: G1CollectForAllocation
Event: 36443.580 Executing VM operation: G1CollectForAllocation done
Event: 36443.675 Executing VM operation: G1CollectFull
Event: 36444.052 Executing VM operation: G1CollectFull done
Event: 36445.053 Executing VM operation: Cleanup
Event: 36445.054 Executing VM operation: Cleanup done
Event: 36445.301 Executing VM operation: G1CollectForAllocation
Event: 36445.338 Executing VM operation: G1CollectForAllocation done
Event: 36446.344 Executing VM operation: Cleanup
Event: 36446.344 Executing VM operation: Cleanup done
Event: 36447.358 Executing VM operation: Cleanup
Event: 36447.358 Executing VM operation: Cleanup done
Event: 36453.692 Executing VM operation: G1CollectForAllocation

Events (20 events):
Event: 36444.759 Thread 0x0000023bec2cc420 Thread added: 0x0000023bec2cc420
Event: 36444.759 Thread 0x0000023bec2cbf10 Thread added: 0x0000023bec2cbf10
Event: 36444.854 Thread 0x0000023bec2cc930 Thread added: 0x0000023bec2cc930
Event: 36444.959 Thread 0x0000023be395aa20 Thread added: 0x0000023be395aa20
Event: 36446.377 Thread 0x0000023bebb829e0 Thread added: 0x0000023bebb829e0
Event: 36446.393 Thread 0x0000023bebb824d0 Thread added: 0x0000023bebb824d0
Event: 36446.393 Thread 0x0000023bebb81fc0 Thread added: 0x0000023bebb81fc0
Event: 36446.393 Thread 0x0000023bec63afd0 Thread added: 0x0000023bec63afd0
Event: 36446.393 Thread 0x0000023bec63a5b0 Thread added: 0x0000023bec63a5b0
Event: 36446.393 Thread 0x0000023bec63aac0 Thread added: 0x0000023bec63aac0
Event: 36446.393 Thread 0x0000023bec639680 Thread added: 0x0000023bec639680
Event: 36446.393 Thread 0x0000023bec63a0a0 Thread added: 0x0000023bec63a0a0
Event: 36446.395 Thread 0x0000023bebdf8870 Thread added: 0x0000023bebdf8870
Event: 36446.395 Thread 0x0000023bec016600 Thread added: 0x0000023bec016600
Event: 36446.395 Thread 0x0000023bec016b10 Thread added: 0x0000023bec016b10
Event: 36446.402 Thread 0x0000023bec0160f0 Thread added: 0x0000023bec0160f0
Event: 36446.402 Thread 0x0000023bec9941d0 Thread added: 0x0000023bec9941d0
Event: 36446.411 Thread 0x0000023bec2e6160 Thread exited: 0x0000023bec2e6160
Event: 36446.411 Thread 0x0000023bec2e75a0 Thread exited: 0x0000023bec2e75a0
Event: 36450.535 Thread 0x0000023be395aa20 Thread exited: 0x0000023be395aa20


Dynamic libraries:
0x00007ff63cc20000 - 0x00007ff63cc2e000 	D:\Downloads\sts-4.21.0.RELEASE\plugins\org.eclipse.justj.openjdk.hotspot.jre.full.win32.x86_64_17.0.9.v20231028-0858\jre\bin\javaw.exe
0x00007ff864710000 - 0x00007ff864927000 	C:\WINDOWS\SYSTEM32\ntdll.dll
0x00007ff862a90000 - 0x00007ff862b54000 	C:\WINDOWS\System32\KERNEL32.DLL
0x00007ff861bb0000 - 0x00007ff861f69000 	C:\WINDOWS\System32\KERNELBASE.dll
0x00007ff861a90000 - 0x00007ff861ba1000 	C:\WINDOWS\System32\ucrtbase.dll
0x00007ff826000000 - 0x00007ff82601b000 	D:\Downloads\sts-4.21.0.RELEASE\plugins\org.eclipse.justj.openjdk.hotspot.jre.full.win32.x86_64_17.0.9.v20231028-0858\jre\bin\VCRUNTIME140.dll
0x00007ff83e850000 - 0x00007ff83e867000 	D:\Downloads\sts-4.21.0.RELEASE\plugins\org.eclipse.justj.openjdk.hotspot.jre.full.win32.x86_64_17.0.9.v20231028-0858\jre\bin\jli.dll
0x00007ff862cf0000 - 0x00007ff862e9e000 	C:\WINDOWS\System32\USER32.dll
0x00007ff850900000 - 0x00007ff850b92000 	C:\WINDOWS\WinSxS\amd64_microsoft.windows.common-controls_6595b64144ccf1df_6.0.22621.4391_none_2715d37f73803e96\COMCTL32.dll
0x00007ff861f70000 - 0x00007ff861f96000 	C:\WINDOWS\System32\win32u.dll
0x00007ff863b10000 - 0x00007ff863bb7000 	C:\WINDOWS\System32\msvcrt.dll
0x00007ff863420000 - 0x00007ff863449000 	C:\WINDOWS\System32\GDI32.dll
0x00007ff861fd0000 - 0x00007ff8620eb000 	C:\WINDOWS\System32\gdi32full.dll
0x00007ff8620f0000 - 0x00007ff86218a000 	C:\WINDOWS\System32\msvcp_win.dll
0x00007ff8628b0000 - 0x00007ff8628e1000 	C:\WINDOWS\System32\IMM32.DLL
0x00007ff855870000 - 0x00007ff85587c000 	D:\Downloads\sts-4.21.0.RELEASE\plugins\org.eclipse.justj.openjdk.hotspot.jre.full.win32.x86_64_17.0.9.v20231028-0858\jre\bin\vcruntime140_1.dll
0x00007ff825f70000 - 0x00007ff825ffd000 	D:\Downloads\sts-4.21.0.RELEASE\plugins\org.eclipse.justj.openjdk.hotspot.jre.full.win32.x86_64_17.0.9.v20231028-0858\jre\bin\msvcp140.dll
0x00007ff826140000 - 0x00007ff826da1000 	D:\Downloads\sts-4.21.0.RELEASE\plugins\org.eclipse.justj.openjdk.hotspot.jre.full.win32.x86_64_17.0.9.v20231028-0858\jre\bin\server\jvm.dll
0x00007ff8628f0000 - 0x00007ff8629a2000 	C:\WINDOWS\System32\ADVAPI32.dll
0x00007ff863450000 - 0x00007ff8634f7000 	C:\WINDOWS\System32\sechost.dll
0x00007ff861fa0000 - 0x00007ff861fc8000 	C:\WINDOWS\System32\bcrypt.dll
0x00007ff863060000 - 0x00007ff863174000 	C:\WINDOWS\System32\RPCRT4.dll
0x00007ff8618e0000 - 0x00007ff86192d000 	C:\WINDOWS\SYSTEM32\POWRPROF.dll
0x00007ff85da30000 - 0x00007ff85da64000 	C:\WINDOWS\SYSTEM32\WINMM.dll
0x00007ff858200000 - 0x00007ff858209000 	C:\WINDOWS\SYSTEM32\WSOCK32.dll
0x00007ff864550000 - 0x00007ff8645c1000 	C:\WINDOWS\System32\WS2_32.dll
0x00007ff85dfe0000 - 0x00007ff85dfea000 	C:\WINDOWS\SYSTEM32\VERSION.dll
0x00007ff8618c0000 - 0x00007ff8618d3000 	C:\WINDOWS\SYSTEM32\UMPDC.dll
0x00007ff860a50000 - 0x00007ff860a68000 	C:\WINDOWS\SYSTEM32\kernel.appcore.dll
0x00007ff8580f0000 - 0x00007ff8580fa000 	D:\Downloads\sts-4.21.0.RELEASE\plugins\org.eclipse.justj.openjdk.hotspot.jre.full.win32.x86_64_17.0.9.v20231028-0858\jre\bin\jimage.dll
0x00007ff84ee20000 - 0x00007ff84f052000 	C:\WINDOWS\SYSTEM32\DBGHELP.DLL
0x00007ff863560000 - 0x00007ff8638ef000 	C:\WINDOWS\System32\combase.dll
0x00007ff863260000 - 0x00007ff863337000 	C:\WINDOWS\System32\OLEAUT32.dll
0x00007ff84e240000 - 0x00007ff84e272000 	C:\WINDOWS\SYSTEM32\dbgcore.DLL
0x00007ff861a10000 - 0x00007ff861a8b000 	C:\WINDOWS\System32\bcryptPrimitives.dll
0x00007ff83efb0000 - 0x00007ff83efd5000 	D:\Downloads\sts-4.21.0.RELEASE\plugins\org.eclipse.justj.openjdk.hotspot.jre.full.win32.x86_64_17.0.9.v20231028-0858\jre\bin\java.dll
0x00007ff844b90000 - 0x00007ff844ba8000 	D:\Downloads\sts-4.21.0.RELEASE\plugins\org.eclipse.justj.openjdk.hotspot.jre.full.win32.x86_64_17.0.9.v20231028-0858\jre\bin\zip.dll
0x00007ff863cc0000 - 0x00007ff864536000 	C:\WINDOWS\System32\SHELL32.dll
0x00007ff85f950000 - 0x00007ff860253000 	C:\WINDOWS\SYSTEM32\windows.storage.dll
0x00007ff85f810000 - 0x00007ff85f94f000 	C:\WINDOWS\SYSTEM32\wintypes.dll
0x00007ff863bc0000 - 0x00007ff863cb9000 	C:\WINDOWS\System32\SHCORE.dll
0x00007ff863500000 - 0x00007ff86355e000 	C:\WINDOWS\System32\shlwapi.dll
0x00007ff861940000 - 0x00007ff86196b000 	C:\WINDOWS\SYSTEM32\profapi.dll
0x00007ff844b40000 - 0x00007ff844b59000 	D:\Downloads\sts-4.21.0.RELEASE\plugins\org.eclipse.justj.openjdk.hotspot.jre.full.win32.x86_64_17.0.9.v20231028-0858\jre\bin\net.dll
0x00007ff85c070000 - 0x00007ff85c1a6000 	C:\WINDOWS\SYSTEM32\WINHTTP.dll
0x00007ff860ed0000 - 0x00007ff860f39000 	C:\WINDOWS\system32\mswsock.dll
0x00007ff83ef90000 - 0x00007ff83efa6000 	D:\Downloads\sts-4.21.0.RELEASE\plugins\org.eclipse.justj.openjdk.hotspot.jre.full.win32.x86_64_17.0.9.v20231028-0858\jre\bin\nio.dll
0x00007ff854a00000 - 0x00007ff854a09000 	D:\Downloads\sts-4.21.0.RELEASE\plugins\org.eclipse.justj.openjdk.hotspot.jre.full.win32.x86_64_17.0.9.v20231028-0858\jre\bin\management.dll
0x00007ff83f160000 - 0x00007ff83f16b000 	D:\Downloads\sts-4.21.0.RELEASE\plugins\org.eclipse.justj.openjdk.hotspot.jre.full.win32.x86_64_17.0.9.v20231028-0858\jre\bin\management_ext.dll
0x00007ff863410000 - 0x00007ff863418000 	C:\WINDOWS\System32\PSAPI.DLL
0x00007ff848750000 - 0x00007ff848767000 	C:\WINDOWS\system32\napinsp.dll
0x00007ff846c80000 - 0x00007ff846c9b000 	C:\WINDOWS\system32\pnrpnsp.dll
0x00007ff860530000 - 0x00007ff860632000 	C:\WINDOWS\SYSTEM32\DNSAPI.dll
0x00007ff8604c0000 - 0x00007ff8604ed000 	C:\WINDOWS\SYSTEM32\IPHLPAPI.DLL
0x00007ff863b00000 - 0x00007ff863b09000 	C:\WINDOWS\System32\NSI.dll
0x00007ff8460c0000 - 0x00007ff8460d1000 	C:\WINDOWS\System32\winrnr.dll
0x00007ff8458e0000 - 0x00007ff8458f5000 	C:\WINDOWS\system32\wshbth.dll
0x00007ff845870000 - 0x00007ff845897000 	C:\WINDOWS\system32\nlansp_c.dll
0x00007ff859ef0000 - 0x00007ff859efa000 	C:\Windows\System32\rasadhlp.dll
0x00007ff85aee0000 - 0x00007ff85af63000 	C:\WINDOWS\System32\fwpuclnt.dll
0x00007ff861120000 - 0x00007ff86113b000 	C:\WINDOWS\SYSTEM32\CRYPTSP.dll
0x00007ff8609b0000 - 0x00007ff8609e5000 	C:\WINDOWS\system32\rsaenh.dll
0x00007ff860fc0000 - 0x00007ff860fe8000 	C:\WINDOWS\SYSTEM32\USERENV.dll
0x00007ff861140000 - 0x00007ff86114c000 	C:\WINDOWS\SYSTEM32\CRYPTBASE.dll
0x00007ff85d140000 - 0x00007ff85d159000 	C:\WINDOWS\SYSTEM32\dhcpcsvc6.DLL
0x00007ff85cb00000 - 0x00007ff85cb1f000 	C:\WINDOWS\SYSTEM32\dhcpcsvc.DLL
0x00007ff85b6a0000 - 0x00007ff85b6ae000 	D:\Downloads\sts-4.21.0.RELEASE\plugins\org.eclipse.justj.openjdk.hotspot.jre.full.win32.x86_64_17.0.9.v20231028-0858\jre\bin\sunmscapi.dll
0x00007ff862250000 - 0x00007ff8623b6000 	C:\WINDOWS\System32\CRYPT32.dll
0x00007ff8612c0000 - 0x00007ff8612ed000 	C:\WINDOWS\SYSTEM32\ncrypt.dll
0x00007ff861280000 - 0x00007ff8612b7000 	C:\WINDOWS\SYSTEM32\NTASN1.dll
0x00007ff8580e0000 - 0x00007ff8580f0000 	D:\Downloads\sts-4.21.0.RELEASE\plugins\org.eclipse.justj.openjdk.hotspot.jre.full.win32.x86_64_17.0.9.v20231028-0858\jre\bin\verify.dll
0x00007ff83cc00000 - 0x00007ff83cc08000 	C:\WINDOWS\system32\wshunix.dll

dbghelp: loaded successfully - version: 4.0.5 - missing functions: none
symbol engine: initialized successfully - sym options: 0x614 - pdb path: .;D:\Downloads\sts-4.21.0.RELEASE\plugins\org.eclipse.justj.openjdk.hotspot.jre.full.win32.x86_64_17.0.9.v20231028-0858\jre\bin;C:\WINDOWS\SYSTEM32;C:\WINDOWS\WinSxS\amd64_microsoft.windows.common-controls_6595b64144ccf1df_6.0.22621.4391_none_2715d37f73803e96;D:\Downloads\sts-4.21.0.RELEASE\plugins\org.eclipse.justj.openjdk.hotspot.jre.full.win32.x86_64_17.0.9.v20231028-0858\jre\bin\server

VM Arguments:
jvm_args: -Dcom.sun.management.jmxremote -Dcom.sun.management.jmxremote.port=54193 -Dcom.sun.management.jmxremote.authenticate=false -Dcom.sun.management.jmxremote.ssl=false -Djava.rmi.server.hostname=localhost -Dspring.jmx.enabled=true -Dmanagement.endpoints.jmx.exposure.include=* -Dspring.application.admin.enabled=true -Dspring.profiles.active=customer -XX:TieredStopAtLevel=1 -Dspring.boot.project.name=ComesticAdmin -Dfile.encoding=UTF-8 -Dstdout.encoding=UTF-8 -Dstderr.encoding=UTF-8 -XX:+ShowCodeDetailsInExceptionMessages 
java_command: com.kimngan.ComesticAdmin.ComesticAdminApplication --spring.output.ansi.enabled=always
java_class_path (initial): D:\CosmeticAdmin\ComesticAdmin-master\target\classes;C:\Users\ACER\.m2\repository\org\springframework\boot\spring-boot-starter-data-jpa\3.3.3\spring-boot-starter-data-jpa-3.3.3.jar;C:\Users\ACER\.m2\repository\org\springframework\boot\spring-boot-starter-aop\3.3.3\spring-boot-starter-aop-3.3.3.jar;C:\Users\ACER\.m2\repository\org\aspectj\aspectjweaver\1.9.22.1\aspectjweaver-1.9.22.1.jar;C:\Users\ACER\.m2\repository\org\springframework\boot\spring-boot-starter-jdbc\3.3.3\spring-boot-starter-jdbc-3.3.3.jar;C:\Users\ACER\.m2\repository\com\zaxxer\HikariCP\5.1.0\HikariCP-5.1.0.jar;C:\Users\ACER\.m2\repository\org\springframework\spring-jdbc\6.1.12\spring-jdbc-6.1.12.jar;C:\Users\ACER\.m2\repository\org\hibernate\orm\hibernate-core\6.5.2.Final\hibernate-core-6.5.2.Final.jar;C:\Users\ACER\.m2\repository\jakarta\persistence\jakarta.persistence-api\3.1.0\jakarta.persistence-api-3.1.0.jar;C:\Users\ACER\.m2\repository\jakarta\transaction\jakarta.transaction-api\2.0.1\jakarta.transaction-api-2.0.1.jar;C:\Users\ACER\.m2\repository\org\jboss\logging\jboss-logging\3.5.3.Final\jboss-logging-3.5.3.Final.jar;C:\Users\ACER\.m2\repository\org\hibernate\common\hibernate-commons-annotations\6.0.6.Final\hibernate-commons-annotations-6.0.6.Final.jar;C:\Users\ACER\.m2\repository\io\smallrye\jandex\3.1.2\jandex-3.1.2.jar;C:\Users\ACER\.m2\repository\com\fasterxml\classmate\1.7.0\classmate-1.7.0.jar;C:\Users\ACER\.m2\repository\net\bytebuddy\byte-buddy\1.14.19\byte-buddy-1.14.19.jar;C:\Users\ACER\.m2\repository\org\glassfish\jaxb\jaxb-runtime\4.0.5\jaxb-runtime-4.0.5.jar;C:\Users\ACER\.m2\repository\org\glassfish\jaxb\jaxb-core\4.0.5\jaxb-core-4.0.5.jar;C:\Users\ACER\.m2\repository\org\eclipse\angus\angus-activation\2.0.2\angus-activation-2.0.2.jar;C:\Users\ACER\.m2\repository\org\glassfish\jaxb\txw2\4.0.5\txw2-4.0.5.jar;C:\Users\ACER\.m2\repository\com\sun\istack\istack-commons-runtime\4.1.2\istack-commons-runtime-4.1.2.jar;C:\Users\ACER\.m2\repository\jakarta\i
Launcher Type: SUN_STANDARD

[Global flags]
     intx CICompilerCount                          = 4                                         {product} {ergonomic}
     uint ConcGCThreads                            = 3                                         {product} {ergonomic}
     uint G1ConcRefinementThreads                  = 10                                        {product} {ergonomic}
   size_t G1HeapRegionSize                         = 1048576                                   {product} {ergonomic}
    uintx GCDrainStackTargetSize                   = 64                                        {product} {ergonomic}
   size_t InitialHeapSize                          = 123731968                                 {product} {ergonomic}
     bool ManagementServer                         = true                                      {product} {command line}
   size_t MarkStackSize                            = 4194304                                   {product} {ergonomic}
   size_t MaxHeapSize                              = 1971322880                                {product} {ergonomic}
   size_t MaxNewSize                               = 1182793728                                {product} {ergonomic}
   size_t MinHeapDeltaBytes                        = 1048576                                   {product} {ergonomic}
   size_t MinHeapSize                              = 8388608                                   {product} {ergonomic}
    uintx NonProfiledCodeHeapSize                  = 0                                      {pd product} {ergonomic}
     bool ProfileInterpreter                       = false                                  {pd product} {command line}
    uintx ProfiledCodeHeapSize                     = 0                                      {pd product} {ergonomic}
     bool ShowCodeDetailsInExceptionMessages       = true                                   {manageable} {command line}
   size_t SoftMaxHeapSize                          = 1971322880                             {manageable} {ergonomic}
     intx TieredStopAtLevel                        = 1                                         {product} {command line}
     bool UseCompressedClassPointers               = true                           {product lp64_product} {ergonomic}
     bool UseCompressedOops                        = true                           {product lp64_product} {ergonomic}
     bool UseG1GC                                  = true                                      {product} {ergonomic}
     bool UseLargePagesIndividualAllocation        = false                                  {pd product} {ergonomic}

Logging:
Log output configuration:
 #0: stdout all=warning uptime,level,tags
 #1: stderr all=off uptime,level,tags

Environment Variables:
PATH=D:/Downloads/sts-4.21.0.RELEASE//plugins/org.eclipse.justj.openjdk.hotspot.jre.full.win32.x86_64_17.0.9.v20231028-0858/jre/bin/server;D:/Downloads/sts-4.21.0.RELEASE//plugins/org.eclipse.justj.openjdk.hotspot.jre.full.win32.x86_64_17.0.9.v20231028-0858/jre/bin;C:\Program Files\Python36\Scripts\;C:\Program Files\Python36\;C:\Program Files\Common Files\Oracle\Java\javapath;C:\WINDOWS\system32;C:\WINDOWS;C:\WINDOWS\System32\Wbem;C:\WINDOWS\System32\WindowsPowerShell\v1.0\;C:\WINDOWS\System32\OpenSSH\;C:\Program Files\Microsoft SQL Server\150\Tools\Binn\;C:\Program Files\Microsoft SQL Server\Client SDK\ODBC\170\Tools\Binn\;C:\Program Files (x86)\Microsoft SQL Server\160\Tools\Binn\;C:\Program Files\Microsoft SQL Server\160\Tools\Binn\;C:\Program Files\Microsoft SQL Server\160\DTS\Binn\;C:\Program Files (x86)\Microsoft SQL Server\160\DTS\Binn\;C:\Program Files\Azure Data Studio\bin;C:\Program Files\MySQL\MySQL Server 8.0\bin;C:\ProgramData\ComposerSetup\bin;C:\Program Files\dotnet\;C:\ProgramData\chocolatey\bin;E:\flutter\flutter\bin;E:\Git\cmd;D:\Nodejs\;C:\Program Files\MySQL\MySQL Shell 8.0\bin\;D:\flutter\bin;C:\Users\ACER\AppData\Local\Programs\Microsoft VS Code\bin;C:\Users\ACER\AppData\Roaming\npm;D:\Downloads\sts-4.21.0.RELEASE;
USERNAME=ACER
OS=Windows_NT
PROCESSOR_IDENTIFIER=AMD64 Family 23 Model 104 Stepping 1, AuthenticAMD
TMP=C:\Users\ACER\AppData\Local\Temp
TEMP=C:\Users\ACER\AppData\Local\Temp



Periodic native trim disabled


---------------  S Y S T E M  ---------------

OS:
 Windows 11 , 64 bit Build 22621 (10.0.22621.4391)
OS uptime: 1 days 11:03 hours

CPU: total 12 (initial active 12) (12 cores per cpu, 2 threads per core) family 23 model 104 stepping 1 microcode 0x0, cx8, cmov, fxsr, ht, mmx, 3dnowpref, sse, sse2, sse3, ssse3, sse4a, sse4.1, sse4.2, popcnt, lzcnt, tsc, tscinvbit, avx, avx2, aes, clmul, bmi1, bmi2, adx, sha, fma, vzeroupper, clflush, clflushopt
Processor Information for processor 0
  Max Mhz: 2100, Current Mhz: 1988, Mhz Limit: 2100
Processor Information for processor 1
  Max Mhz: 2100, Current Mhz: 2100, Mhz Limit: 2100
Processor Information for processor 2
  Max Mhz: 2100, Current Mhz: 2100, Mhz Limit: 2100
Processor Information for processor 3
  Max Mhz: 2100, Current Mhz: 1988, Mhz Limit: 2100
Processor Information for processor 4
  Max Mhz: 2100, Current Mhz: 2100, Mhz Limit: 2100
Processor Information for processor 5
  Max Mhz: 2100, Current Mhz: 1988, Mhz Limit: 2100
Processor Information for processor 6
  Max Mhz: 2100, Current Mhz: 1988, Mhz Limit: 2100
Processor Information for processor 7
  Max Mhz: 2100, Current Mhz: 2100, Mhz Limit: 2100
Processor Information for processor 8
  Max Mhz: 2100, Current Mhz: 2100, Mhz Limit: 2100
Processor Information for processor 9
  Max Mhz: 2100, Current Mhz: 1988, Mhz Limit: 2100
Processor Information for processor 10
  Max Mhz: 2100, Current Mhz: 2100, Mhz Limit: 2100
Processor Information for processor 11
  Max Mhz: 2100, Current Mhz: 1988, Mhz Limit: 2100

Memory: 4k page, system-wide physical 7514M (650M free)
TotalPageFile size 22827M (AvailPageFile size 78M)
current process WorkingSet (physical memory assigned to process): 409M, peak: 498M
current process commit charge ("private bytes"): 509M, peak: 785M

vm_info: OpenJDK 64-Bit Server VM (17.0.9+9) for windows-amd64 JRE (17.0.9+9), built on Oct 26 2023 14:01:42 by "admin" with MS VC++ 16.10 / 16.11 (VS2019)

END.
